  Application.cpp
A:\dev\OpenGLPractice\OpenGL\src\Application.cpp(141,16): error C2228: left of '.Push' must have class/struct/union
A:\dev\OpenGLPractice\OpenGL\src\Application.cpp(141,21): error C2062: type 'float' unexpected
A:\dev\OpenGLPractice\OpenGL\src\Application.cpp(142,11): error C2664: 'void VertexArray::AddBuffer(const VertexBuffer &,const VertexBufferLayout &)': cannot convert argument 2 from 'VertexBufferLayout (__cdecl *)(void)' to 'const VertexBufferLayout &'
  A:\dev\OpenGLPractice\OpenGL\src\Application.cpp(142,26):
  Reason: cannot convert from 'overloaded-function' to 'const VertexBufferLayout'
  A:\dev\OpenGLPractice\OpenGL\src\Application.cpp(142,26):
  'VertexBufferLayout::VertexBufferLayout': no overloaded function could convert all the argument types
  	A:\dev\OpenGLPractice\OpenGL\src\Buffers\VertexBufferLayout.h(63,1):
  	could be 'VertexBufferLayout::VertexBufferLayout(VertexBufferLayout &&)'
  		A:\dev\OpenGLPractice\OpenGL\src\Application.cpp(142,26):
  		'VertexBufferLayout::VertexBufferLayout(VertexBufferLayout &&)': cannot convert argument 1 from 'VertexBufferLayout (__cdecl *)(void)' to 'VertexBufferLayout &&'
  			A:\dev\OpenGLPractice\OpenGL\src\Application.cpp(142,26):
  			Reason: cannot convert from 'overloaded-function' to 'VertexBufferLayout'
  			A:\dev\OpenGLPractice\OpenGL\src\Application.cpp(142,26):
  			Conversion requires a second user-defined-conversion operator or constructor
  	A:\dev\OpenGLPractice\OpenGL\src\Buffers\VertexBufferLayout.h(63,1):
  	or       'VertexBufferLayout::VertexBufferLayout(const VertexBufferLayout &)'
  		A:\dev\OpenGLPractice\OpenGL\src\Application.cpp(142,26):
  		'VertexBufferLayout::VertexBufferLayout(const VertexBufferLayout &)': cannot convert argument 1 from 'VertexBufferLayout (__cdecl *)(void)' to 'const VertexBufferLayout &'
  			A:\dev\OpenGLPractice\OpenGL\src\Application.cpp(142,26):
  			Reason: cannot convert from 'overloaded-function' to 'const VertexBufferLayout'
  			A:\dev\OpenGLPractice\OpenGL\src\Application.cpp(142,26):
  			Conversion requires a second user-defined-conversion operator or constructor
  	A:\dev\OpenGLPractice\OpenGL\src\Application.cpp(142,26):
  	while trying to match the argument list '(overloaded-function)'
  A:\dev\OpenGLPractice\OpenGL\src\Arrays\VertexArray.h(12,7):
  see declaration of 'VertexArray::AddBuffer'
  A:\dev\OpenGLPractice\OpenGL\src\Application.cpp(142,11):
  while trying to match the argument list '(VertexBuffer, overloaded-function)'
  
  VertexArray.cpp
A:\dev\OpenGLPractice\OpenGL\src\Arrays\VertexArray.cpp(23,3): warning C4312: 'type cast': conversion from 'unsigned int' to 'const void *' of greater size
  VertexBufferLayout.cpp
  Generating Code...
